Change component parameters: Designator = "A2"; Footprint = "MIKROBUS HOST CONN."; UniqueID = "\VBEHTUPL"
Change component parameters. Clean all parameters for all variants
Change component parameters (AddParameter): Name = "HelpURL"; Value = "https://www.electronshik.ru/item/CONNFLY/PBS-8"; VariantName = "[No Variations]"
Change component parameters (AddParameter): Name = "Manufacturer"; Value = "Connfly"; VariantName = "[No Variations]"
Change component parameters (AddParameter): Name = "Number"; Value = "2"; VariantName = "[No Variations]"
Change component parameters (AddParameter): Name = "PartNumber"; Value = "PBS-8 (2pcs)"; VariantName = "[No Variations]"
Change component parameters (AddParameter): Name = "SMD"; Value = "No"; VariantName = "[No Variations]"
Change component parameters: Designator = "A3"; Footprint = "MIKROBUS HOST CONN."; UniqueID = "\SJRRYJQB"
Change component parameters. Clean all parameters for all variants
Change component parameters (AddParameter): Name = "HelpURL"; Value = "https://www.electronshik.ru/item/CONNFLY/PBS-8"; VariantName = "[No Variations]"
Change component parameters (AddParameter): Name = "Manufacturer"; Value = "Connfly"; VariantName = "[No Variations]"
Change component parameters (AddParameter): Name = "Number"; Value = "3"; VariantName = "[No Variations]"
Change component parameters (AddParameter): Name = "PartNumber"; Value = "PBS-8 (2pcs)"; VariantName = "[No Variations]"
Change component parameters (AddParameter): Name = "SMD"; Value = "No"; VariantName = "[No Variations]"
Change component parameters: Designator = "A4"; Footprint = "MIKROBUS HOST CONN."; UniqueID = "\NDVBJUNS"
Change component parameters. Clean all parameters for all variants
Change component parameters (AddParameter): Name = "HelpURL"; Value = "https://www.electronshik.ru/item/CONNFLY/PBS-8"; VariantName = "[No Variations]"
Change component parameters (AddParameter): Name = "Manufacturer"; Value = "Connfly"; VariantName = "[No Variations]"
Change component parameters (AddParameter): Name = "Number"; Value = "4"; VariantName = "[No Variations]"
Change component parameters (AddParameter): Name = "PartNumber"; Value = "PBS-8 (2pcs)"; VariantName = "[No Variations]"
Change component parameters (AddParameter): Name = "SMD"; Value = "No"; VariantName = "[No Variations]"
Change component parameters: Designator = "C1"; Footprint = "CAP: TANTAL-A"; UniqueID = "\KTYBPTOB"
Change component parameters. Clean all parameters for all variants
Change component parameters (AddParameter): Name = "HelpURL"; Value = "https://www.electronshik.ru/item/AVX/TAJB106K016RNJ"; VariantName = "[No Variations]"
Change component parameters (AddParameter): Name = "Impedance"; Value = "1.2Ohm"; VariantName = "[No Variations]"
Change component parameters (AddParameter): Name = "Manufacturer"; Value = "AVX"; VariantName = "[No Variations]"
Change component parameters (AddParameter): Name = "Package"; Value = "case B (3528)"; VariantName = "[No Variations]"
Change component parameters (AddParameter): Name = "PartNumber"; Value = "TAJB106K016RNJ"; VariantName = "[No Variations]"
Change component parameters (AddParameter): Name = "Temperature"; Value = "-55...+125°C"; VariantName = "[No Variations]"
Change component parameters (AddParameter): Name = "Tolerance"; Value = "±10%"; VariantName = "[No Variations]"
Change component parameters (AddParameter): Name = "TypeCapacitor"; Value = "Tantalum capacitor"; VariantName = "[No Variations]"
Change component parameters (AddParameter): Name = "TypeDielectric"; Value = "X7R"; VariantName = "[No Variations]"
Change component parameters (AddParameter): Name = "Value"; Value = "10?F"; VariantName = "[No Variations]"
Change component parameters (AddParameter): Name = "ValueManufacturerPartNumber"; Value = "Tantalum capacitor, 10?F, 16V, ±10%, 1.2Ohm, case B (3528), -55...+125°C"; VariantName = "[No Variations]"
Change component parameters (AddParameter): Name = "Voltage"; Value = "16V"; VariantName = "[No Variations]"
Change component parameters: Designator = "C4"; Footprint = "CAP: TANTAL-A"; UniqueID = "\RWAONBVN"
Change component parameters. Clean all parameters for all variants
Change component parameters (AddParameter): Name = "HelpURL"; Value = "https://www.electronshik.ru/item/AVX/TAJB106K016RNJ"; VariantName = "[No Variations]"
Change component parameters (AddParameter): Name = "Impedance"; Value = "1.2Ohm"; VariantName = "[No Variations]"
Change component parameters (AddParameter): Name = "Manufacturer"; Value = "AVX"; VariantName = "[No Variations]"
Change component parameters (AddParameter): Name = "Package"; Value = "case B (3528)"; VariantName = "[No Variations]"
Change component parameters (AddParameter): Name = "PartNumber"; Value = "TAJB106K016RNJ"; VariantName = "[No Variations]"
Change component parameters (AddParameter): Name = "Temperature"; Value = "-55...+125°C"; VariantName = "[No Variations]"
Change component parameters (AddParameter): Name = "Tolerance"; Value = "±10%"; VariantName = "[No Variations]"
Change component parameters (AddParameter): Name = "TypeCapacitor"; Value = "Tantalum capacitor"; VariantName = "[No Variations]"
Change component parameters (AddParameter): Name = "TypeDielectric"; Value = "X7R"; VariantName = "[No Variations]"
Change component parameters (AddParameter): Name = "Value"; Value = "10?F"; VariantName = "[No Variations]"
Change component parameters (AddParameter): Name = "ValueManufacturerPartNumber"; Value = "Tantalum capacitor, 10?F, 16V, ±10%, 1.2Ohm, case B (3528), -55...+125°C"; VariantName = "[No Variations]"
Change component parameters (AddParameter): Name = "Voltage"; Value = "16V"; VariantName = "[No Variations]"
